0 info it worked if it ends with ok
1 verbose cli [ '/Users/godai/.anyenv/envs/ndenv/versions/v7.5.0/bin/node',
1 verbose cli   '/Users/godai/.anyenv/envs/ndenv/versions/v7.5.0/bin/npm',
1 verbose cli   'run',
1 verbose cli   'deploy' ]
2 info using npm@4.1.2
3 info using node@v7.5.0
4 verbose run-script [ 'predeploy', 'deploy', 'postdeploy' ]
5 info lifecycle acms-easy-setup@1.0.0~predeploy: acms-easy-setup@1.0.0
6 silly lifecycle acms-easy-setup@1.0.0~predeploy: no script for predeploy, continuing
7 info lifecycle acms-easy-setup@1.0.0~deploy: acms-easy-setup@1.0.0
8 verbose lifecycle acms-easy-setup@1.0.0~deploy: unsafe-perm in lifecycle true
9 verbose lifecycle acms-easy-setup@1.0.0~deploy: PATH: /Users/godai/.anyenv/envs/ndenv/versions/v7.5.0/lib/node_modules/npm/bin/node-gyp-bin:/Users/godai/projects/acms-easy-setup/node_modules/.bin:/Users/godai/.anyenv/envs/ndenv/versions/v7.5.0/bin:/Users/godai/.anyenv/envs/ndenv/libexec:/Users/godai/.anyenv/envs/ndenv/plugins/node-build/bin:/Users/godai/.composer/vendor/bin:/Users/godai/.anyenv/envs/ndenv/bin:/Users/godai/.anyenv/bin:/usr/local/bin:/usr/bin:/bin:/usr/sbin:/sbin:/Users/godai/.composer/vendor/bin:/Users/godai/.anyenv/envs/ndenv/shims:/Users/godai/.anyenv/envs/ndenv/bin:/Users/godai/.anyenv/bin
10 verbose lifecycle acms-easy-setup@1.0.0~deploy: CWD: /Users/godai/projects/acms-easy-setup
11 silly lifecycle acms-easy-setup@1.0.0~deploy: Args: [ '-c', 'node deploy.js' ]
12 silly lifecycle acms-easy-setup@1.0.0~deploy: Returned: code: 1  signal: null
13 info lifecycle acms-easy-setup@1.0.0~deploy: Failed to exec deploy script
14 verbose stack Error: acms-easy-setup@1.0.0 deploy: `node deploy.js`
14 verbose stack Exit status 1
14 verbose stack     at EventEmitter.<anonymous> (/Users/godai/.anyenv/envs/ndenv/versions/v7.5.0/lib/node_modules/npm/lib/utils/lifecycle.js:279:16)
14 verbose stack     at emitTwo (events.js:106:13)
14 verbose stack     at EventEmitter.emit (events.js:192:7)
14 verbose stack     at ChildProcess.<anonymous> (/Users/godai/.anyenv/envs/ndenv/versions/v7.5.0/lib/node_modules/npm/lib/utils/spawn.js:40:14)
14 verbose stack     at emitTwo (events.js:106:13)
14 verbose stack     at ChildProcess.emit (events.js:192:7)
14 verbose stack     at maybeClose (internal/child_process.js:890:16)
14 verbose stack     at Process.ChildProcess._handle.onexit (internal/child_process.js:226:5)
15 verbose pkgid acms-easy-setup@1.0.0
16 verbose cwd /Users/godai/projects/acms-easy-setup
17 error Darwin 16.7.0
18 error argv "/Users/godai/.anyenv/envs/ndenv/versions/v7.5.0/bin/node" "/Users/godai/.anyenv/envs/ndenv/versions/v7.5.0/bin/npm" "run" "deploy"
19 error node v7.5.0
20 error npm  v4.1.2
21 error code ELIFECYCLE
22 error acms-easy-setup@1.0.0 deploy: `node deploy.js`
22 error Exit status 1
23 error Failed at the acms-easy-setup@1.0.0 deploy script 'node deploy.js'.
23 error Make sure you have the latest version of node.js and npm installed.
23 error If you do, this is most likely a problem with the acms-easy-setup package,
23 error not with npm itself.
23 error Tell the author that this fails on your system:
23 error     node deploy.js
23 error You can get information on how to open an issue for this project with:
23 error     npm bugs acms-easy-setup
23 error Or if that isn't available, you can get their info via:
23 error     npm owner ls acms-easy-setup
23 error There is likely additional logging output above.
24 verbose exit [ 1, true ]
